
                         Lattice Mapping Report File

Design:  top
Family:  iCE40UP
Device:  iCE40UP5K
Package: SG48
Performance Grade:  High-Performance_1.2V

Mapper:    version Radiant Software (64-bit) 2024.2.0.3.0
Mapped on: Wed Dec  3 13:43:05 2025

Design Information
------------------

Command line:   map -pdc C:/Users/sojayaweera/E155/project/fpga/pins.pdc -i
     basiclights_impl_1_syn.udb -o basiclights_impl_1_map.udb -mp
     basiclights_impl_1.mrp -hierrpt -gui -msgset
     C:/Users/sojayaweera/E155/project/fpga/promote.xml

Design Summary
--------------

   Number of slice registers: 197 out of  5280 (4%)
   Number of I/O registers:      0 out of   117 (0%)
   Number of LUT4s:           590 out of  5280 (11%)
      Number of logic LUT4s:             373
      Number of inserted feedthru LUT4s:  11
      Number of ripple logic:            103 (206 LUT4s)
   Number of IO sites used:   14 out of 39 (36%)
      Number of IO sites used for general PIO: 14
      Number of IO sites used for I3C: 0 out of 2 (0%)
      (note: If I3C is not used, its site can be used as general PIO)
      Number of IO sites used for PIO+I3C: 14 out of 36 (39%)
      Number of IO sites used for OD+RGB IO buffers: 0 out of 3 (0%)
      (note: If RGB LED drivers are not used, sites can be used as OD outputs,
       see TN1288 iCE40 LED Driver Usage Guide)
      Number of IO sites used for PIO+I3C+OD+RGB: 14 out of 39 (36%)
   Number of DSPs:             0 out of 8 (0%)
   Number of I2Cs:             0 out of 2 (0%)
   Number of High Speed OSCs:  1 out of 1 (100%)
   Number of Low Speed OSCs:   0 out of 1 (0%)
   Number of RGB PWM:          0 out of 1 (0%)
   Number of RGB Drivers:      0 out of 1 (0%)
   Number of SCL FILTERs:      0 out of 2 (0%)
   Number of SRAMs:            0 out of 4 (0%)
   Number of WARMBOOTs:        0 out of 1 (0%)
   Number of SPIs:             0 out of 2 (0%)
   Number of EBRs:             0 out of 30 (0%)
   Number of PLLs:             0 out of 1 (0%)
   Number of Clocks:  1
      Net clk: 191 loads, 191 rising, 0 falling (Driver: Pin
     hf_osc.osc_inst/CLKHF)
   Number of Clock Enables:  15
      Net VCC_net: 1 loads, 0 SLICEs
      Net is_latching: 8 loads, 8 SLICEs
      Net fsm_inst.n1434: 26 loads, 26 SLICEs
      Net dimmer_inst.n1451: 8 loads, 8 SLICEs
      Net dimmer_inst.n1523: 8 loads, 8 SLICEs
      Net dimmer_inst.n1595: 8 loads, 8 SLICEs
      Net dimmer_inst.n1611: 8 loads, 8 SLICEs
      Net dimmer_inst.n1537: 8 loads, 8 SLICEs

                                    Page 1





Design Summary (cont)
---------------------
      Net dimmer_inst.n1469: 8 loads, 8 SLICEs
      Net dimmer_inst.n1487: 8 loads, 8 SLICEs
      Net dimmer_inst.n1555: 8 loads, 8 SLICEs
      Net dimmer_inst.n1631: 8 loads, 8 SLICEs
      Net dimmer_inst.n1635: 8 loads, 8 SLICEs
      Net dimmer_inst.n1577: 8 loads, 8 SLICEs
      Net dimmer_inst.n1493: 8 loads, 8 SLICEs
   Number of LSRs:  1
      Net reset_in_c_N_202: 191 loads, 191 SLICEs
   Top 10 highest fanout non-clock nets:
      Net reset_in_c_N_202: 191 loads
      Net VCC_net: 101 loads
      Net is_latching: 46 loads
      Net dimmer_inst.n3281: 35 loads
      Net fsm_inst.n1434: 26 loads
      Net target_bucket[1]: 14 loads
      Net dimmer_inst.n843: 13 loads
      Net dimmer_inst.pwm_counter[5]: 13 loads
      Net dimmer_inst.pwm_counter[6]: 13 loads
      Net dimmer_inst.pwm_counter[7]: 13 loads





   Number of warnings:  0
   Number of criticals: 0
   Number of errors:    0

Design Errors/Criticals/Warnings
--------------------------------

   No error, critical, or warning presents.

IO (PIO) Attributes
-------------------

+---------------------+-----------+-----------+-------+-------+-----------+
| IO Name             | Direction | Levelmode |  IO   |  IO   | Special   |
|                     |           |  IO_TYPE  |  REG  |  DDR  | IO Buffer |
+---------------------+-----------+-----------+-------+-------+-----------+
| led[7]              | OUTPUT    |           |       |       |           |
+---------------------+-----------+-----------+-------+-------+-----------+
| led[8]              | OUTPUT    |           |       |       |           |
+---------------------+-----------+-----------+-------+-------+-----------+
| led[9]              | OUTPUT    |           |       |       |           |
+---------------------+-----------+-----------+-------+-------+-----------+
| led[10]             | OUTPUT    |           |       |       |           |
+---------------------+-----------+-----------+-------+-------+-----------+
| led[11]             | OUTPUT    |           |       |       |           |
+---------------------+-----------+-----------+-------+-------+-----------+
| led[6]              | OUTPUT    |           |       |       |           |
+---------------------+-----------+-----------+-------+-------+-----------+
| led[5]              | OUTPUT    |           |       |       |           |
+---------------------+-----------+-----------+-------+-------+-----------+
| led[4]              | OUTPUT    |           |       |       |           |
+---------------------+-----------+-----------+-------+-------+-----------+
| led[3]              | OUTPUT    |           |       |       |           |

                                    Page 2





IO (PIO) Attributes (cont)
--------------------------
+---------------------+-----------+-----------+-------+-------+-----------+
| led[2]              | OUTPUT    |           |       |       |           |
+---------------------+-----------+-----------+-------+-------+-----------+
| led[1]              | OUTPUT    |           |       |       |           |
+---------------------+-----------+-----------+-------+-------+-----------+
| led[0]              | OUTPUT    |           |       |       |           |
+---------------------+-----------+-----------+-------+-------+-----------+
| reset_in            | INPUT     |           |       |       |           |
+---------------------+-----------+-----------+-------+-------+-----------+
| square              | INPUT     |           |       |       |           |
+---------------------+-----------+-----------+-------+-------+-----------+

Removed logic
-------------

Block hf_osc.vlo_inst was optimized away.

OSC Summary
-----------

OSC 1:                                 Pin/Node Value
  OSC Instance Name:                            hf_osc.osc_inst
  Power UP:                            NODE     VCC_net
  Enable Signal:                       NODE     VCC_net
  OSC Output:                          NODE     clk
  DIV Setting:                                  00

ASIC Components
---------------

Instance Name: hf_osc.osc_inst
         Type: HFOSC

Constraint Summary
------------------

   Total number of constraints: 15
   Total number of constraints dropped: 0

Run Time and Memory Usage
-------------------------

   Total CPU Time: 0 secs
   Total REAL Time: 0 secs
   Peak Memory Usage: 75 MB
Checksum -- map: c2a7b5736c624e6290be97a3e1894a2cb366b484












                                    Page 3


Copyright (c) 1991-1994 by NeoCAD Inc. All rights reserved.
Copyright (c) 1995
     AT&T Corp.   All rights reserved.
Copyright (c) 1995-2001 Lucent
     Technologies Inc.  All rights reserved.
Copyright (c) 2001 Agere Systems
     All rights reserved.
Copyright (c) 2002-2024 Lattice Semiconductor
     Corporation,  All rights reserved.
