# *** Summary *********************************************
#     qrun: Errors:   0, Warnings:   0
#     vlog: Errors:   0, Warnings:   0
#     vopt: Errors:   0, Warnings:   2
#   Totals: Errors:   0, Warnings:   2
# vsim -L work -L pmi_work -L ovi_ice40up -lib qrun.out/work -wlf vsim.wlf -gui -do "view wave" -do "add wave /*" -do "run 100 ns" -statslog qrun.out/stats_log qrun_opt -suppress vsim-7033,vsim-8630,3009,3389 -appendlog -l qrun.log 
# Start time: 22:04:22 on Sep 07,2025
# Loading sv_std.std
# Loading work.test_sum(fast)
# Loading work.top(fast)
# Loading ovi_ice40up.HSOSC(fast)
# Loading work.segLUT(fast)
# view wave
# .main_pane.wave.interior.cs.body.pw.wf
# add wave /*
# run 100 ns
# Pass t1: x
# Pass t1: 1
# Pass t2: 0
# Pass t2: 1
# Pass t3: 0
# Pass t3: 1
# Pass t4: 0
# Pass t4: 1
# Pass t5: 0
# Pass t5: 1
# no cases left
# ** Note: $stop    : C:/Users/sojayaweera/E155/lab2/dual_sevenseg/source/top/test_sum.sv(92)
#    Time: 5 ns  Iteration: 1  Instance: /test_sum
# Break in Module test_sum at C:/Users/sojayaweera/E155/lab2/dual_sevenseg/source/top/test_sum.sv line 92
