
"C:/lscc/radiant/2024.2/tcltk/windows/bin/tclsh" "lab3_sj_impl_1_synthesize.tcl"

synthesis -f C:/Users/sojayaweera/E155/lab3_sj/impl_1/lab3_sj_impl_1_lattice.synproj -logfile lab3_sj_impl_1_lattice.srp
synthesis:  version Radiant Software (64-bit) 2024.2.0.3.0

Copyright (c) 1991-1994 by NeoCAD Inc. All rights reserved.
Copyright (c) 1995 AT&T Corp.   All rights reserved.
Copyright (c) 1995-2001 Lucent Technologies Inc.  All rights reserved.
Copyright (c) 2001 Agere Systems   All rights reserved.
Copyright (c) 2002-2024 Lattice Semiconductor Corporation,  All rights reserved.
Wed Sep 10 23:24:11 2025


Command Line:  C:\lscc\radiant\2024.2\ispfpga\bin\nt64\synthesis.exe -f C:/Users/sojayaweera/E155/lab3_sj/impl_1/lab3_sj_impl_1_lattice.synproj -logfile lab3_sj_impl_1_lattice.srp -gui -msgset C:/Users/sojayaweera/E155/lab3_sj/promote.xml 

INFO <35002000> - synthesis: Lattice Synthesis Engine launched.

Synthesis options:
The -a option is iCE40UP.
The -t option is SG48.
The -sp option is High-Performance_1.2V.
The -p option is iCE40UP5K.

###################### Device Information ######################
----------------------------------------------------------------
Lattice Family        | iCE40UP
----------------------------------------------------------------
Device                | iCE40UP5K
----------------------------------------------------------------
Package               | SG48
----------------------------------------------------------------
Performance Grade     | High-Performance_1.2V
----------------------------------------------------------------
################################################################

####################### Device Resources #######################
----------------------------------------------------------------
Logic Cells           | 5280
----------------------------------------------------------------
RAM Blocks            | 30
----------------------------------------------------------------
DSP Blocks            | 8
----------------------------------------------------------------
PLLs                  | 1
----------------------------------------------------------------
I/O Pins              | 56
----------------------------------------------------------------
################################################################

Resolving user-selected strategy settings...


###################### Strategy Settings #######################
----------------------------------------------------------------
Optimization Goal     | Area
----------------------------------------------------------------
Top-level Module Name | top
----------------------------------------------------------------
Target Frequency      | 200.000 MHz
----------------------------------------------------------------
Maximum Fanout        | 1000
----------------------------------------------------------------
Timing Path Count     | 3
----------------------------------------------------------------
RAM Read/Write Check  | False
----------------------------------------------------------------
BRAM Utilization      | 100.0%
----------------------------------------------------------------
DSP Usage             | True
----------------------------------------------------------------
DSP Utilization       | 100.0%
----------------------------------------------------------------
FSM Encoding Style    | Auto
----------------------------------------------------------------
Resolve Mixed Drivers | False
----------------------------------------------------------------
Fix Gated Clocks      | True
----------------------------------------------------------------
Mux Style             | Auto
----------------------------------------------------------------
Use Carry Chain       | True
----------------------------------------------------------------
Carry Chain Length    | Infinite
----------------------------------------------------------------
Loop Limit            | 1950
----------------------------------------------------------------
Use I/O Insertion     | True
----------------------------------------------------------------
Use I/O Registers     | True
----------------------------------------------------------------
Resource Sharing      | True
----------------------------------------------------------------
Propagate Constants   | True
----------------------------------------------------------------
Remove Duplicate Reg  | True
----------------------------------------------------------------
Force GSR             | False
----------------------------------------------------------------
ROM Style             | Auto
----------------------------------------------------------------
RAM Style             | Auto
----------------------------------------------------------------
Remove LOC Properties | False
----------------------------------------------------------------
Partition Flow        | False
----------------------------------------------------------------
################################################################


The -comp option is FALSE.
The -syn option is FALSE.

Output HDL filename: lab3_sj_impl_1.vm
-path C:/Users/sojayaweera/E155/lab3_sj (searchpath added)
-path C:/Users/sojayaweera/E155/lab3_sj/impl_1 (searchpath added)
-path C:/lscc/radiant/2024.2/ispfpga/ice40tp/data (searchpath added)
Mixed language design
Verilog design file: C:/lscc/radiant/2024.2/ip/pmi/pmi_iCE40UP.v
Verilog design file: C:/Users/sojayaweera/E155/lab3_sj/source/impl_1/top.sv
Verilog design file: C:/Users/sojayaweera/E155/lab3_sj/source/impl_1/sevensegLUT.sv
Verilog design file: C:/Users/sojayaweera/E155/lab3_sj/source/impl_1/keypad_handler.sv
VHDL library: pmi
VHDL design file: C:/lscc/radiant/2024.2/ip/pmi/pmi_iCE40UP.vhd
WARNING <35935050> - input port TRIM9 is not connected on this instance. VDB-5050
WARNING <35935050> - input port TRIM8 is not connected on this instance. VDB-5050
WARNING <35935050> - input port TRIM7 is not connected on this instance. VDB-5050
WARNING <35935050> - input port TRIM6 is not connected on this instance. VDB-5050
WARNING <35935050> - input port TRIM5 is not connected on this instance. VDB-5050
WARNING <35935050> - input port TRIM4 is not connected on this instance. VDB-5050
WARNING <35935050> - input port TRIM3 is not connected on this instance. VDB-5050
WARNING <35935050> - input port TRIM2 is not connected on this instance. VDB-5050
WARNING <35935050> - input port TRIM1 is not connected on this instance. VDB-5050
WARNING <35935050> - input port TRIM0 is not connected on this instance. VDB-5050
WARNING <35935050> - input port I is not connected on this instance. VDB-5050

Compiling design...

Analyzing Verilog file c:/lscc/radiant/2024.2/ip/pmi/pmi_ice40up.v. VERI-1482
INFO <35901328> - c:/lscc/radiant/2024.2/ip/pmi/pmi_ice40up.v(1): analyzing included file c:/lscc/radiant/2024.2/ip/pmi/pmi_addsub.v. VERI-1328
INFO <35901328> - c:/lscc/radiant/2024.2/ip/pmi/pmi_addsub.v(40): analyzing included file c:/lscc/radiant/2024.2/ip/pmi/../common/adder_subtractor/rtl/lscc_add_sub.v. VERI-1328
INFO <35901328> - c:/lscc/radiant/2024.2/ip/pmi/pmi_ice40up.v(2): analyzing included file c:/lscc/radiant/2024.2/ip/pmi/pmi_add.v. VERI-1328
INFO <35901328> - c:/lscc/radiant/2024.2/ip/pmi/pmi_add.v(50): analyzing included file c:/lscc/radiant/2024.2/ip/pmi/../common/adder/rtl/lscc_adder.v. VERI-1328
INFO <35901328> - c:/lscc/radiant/2024.2/ip/pmi/pmi_ice40up.v(3): analyzing included file c:/lscc/radiant/2024.2/ip/pmi/pmi_complex_mult.v. VERI-1328
INFO <35901328> - c:/lscc/radiant/2024.2/ip/pmi/pmi_complex_mult.v(52): analyzing included file c:/lscc/radiant/2024.2/ip/pmi/../common/complex_mult/rtl/lscc_complex_mult.v. VERI-1328
INFO <35901328> - c:/lscc/radiant/2024.2/ip/pmi/pmi_ice40up.v(4): analyzing included file c:/lscc/radiant/2024.2/ip/pmi/pmi_counter.v. VERI-1328
INFO <35901328> - c:/lscc/radiant/2024.2/ip/pmi/pmi_counter.v(39): analyzing included file c:/lscc/radiant/2024.2/ip/pmi/../common/counter/rtl/lscc_cntr.v. VERI-1328
INFO <35901328> - c:/lscc/radiant/2024.2/ip/pmi/pmi_ice40up.v(5): analyzing included file c:/lscc/radiant/2024.2/ip/pmi/pmi_fifo.v. VERI-1328
INFO <35901328> - c:/lscc/radiant/2024.2/ip/pmi/pmi_fifo.v(44): analyzing included file c:/lscc/radiant/2024.2/ip/pmi/../common/fifo/rtl/lscc_fifo.v. VERI-1328
INFO <35901328> - c:/lscc/radiant/2024.2/ip/pmi/pmi_ice40up.v(6): analyzing included file c:/lscc/radiant/2024.2/ip/pmi/pmi_fifo_dc.v. VERI-1328
INFO <35901328> - c:/lscc/radiant/2024.2/ip/pmi/pmi_fifo_dc.v(47): analyzing included file c:/lscc/radiant/2024.2/ip/pmi/../common/fifo_dc/rtl/lscc_fifo_dc.v. VERI-1328
INFO <35901328> - c:/lscc/radiant/2024.2/ip/pmi/pmi_ice40up.v(7): analyzing included file c:/lscc/radiant/2024.2/ip/pmi/pmi_mac.v. VERI-1328
INFO <35901328> - c:/lscc/radiant/2024.2/ip/pmi/pmi_mac.v(52): analyzing included file c:/lscc/radiant/2024.2/ip/pmi/../common/mult_accumulate/rtl/lscc_mult_accumulate.v. VERI-1328
INFO <35901328> - c:/lscc/radiant/2024.2/ip/pmi/pmi_ice40up.v(8): analyzing included file c:/lscc/radiant/2024.2/ip/pmi/pmi_multaddsubsum.v. VERI-1328
INFO <35901328> - c:/lscc/radiant/2024.2/ip/pmi/pmi_multaddsubsum.v(53): analyzing included file c:/lscc/radiant/2024.2/ip/pmi/../common/mult_add_sub_sum/rtl/lscc_mult_add_sub_sum.v. VERI-1328
INFO <35901328> - c:/lscc/radiant/2024.2/ip/pmi/pmi_ice40up.v(9): analyzing included file c:/lscc/radiant/2024.2/ip/pmi/pmi_multaddsub.v. VERI-1328
INFO <35901328> - c:/lscc/radiant/2024.2/ip/pmi/pmi_multaddsub.v(52): analyzing included file c:/lscc/radiant/2024.2/ip/pmi/../common/mult_add_sub/rtl/lscc_mult_add_sub.v. VERI-1328
INFO <35901328> - c:/lscc/radiant/2024.2/ip/pmi/pmi_ice40up.v(10): analyzing included file c:/lscc/radiant/2024.2/ip/pmi/pmi_mult.v. VERI-1328
INFO <35901328> - c:/lscc/radiant/2024.2/ip/pmi/pmi_mult.v(51): analyzing included file c:/lscc/radiant/2024.2/ip/pmi/../common/multiplier/rtl/lscc_multiplier.v. VERI-1328
INFO <35901328> - c:/lscc/radiant/2024.2/ip/pmi/pmi_ice40up.v(11): analyzing included file c:/lscc/radiant/2024.2/ip/pmi/pmi_ram_dp.v. VERI-1328
INFO <35901328> - c:/lscc/radiant/2024.2/ip/pmi/pmi_ram_dp.v(48): analyzing included file c:/lscc/radiant/2024.2/ip/pmi/../common/ram_dp/rtl/lscc_ram_dp.v. VERI-1328
INFO <35901328> - c:/lscc/radiant/2024.2/ip/pmi/pmi_ice40up.v(12): analyzing included file c:/lscc/radiant/2024.2/ip/pmi/pmi_ram_dq.v. VERI-1328
INFO <35901328> - c:/lscc/radiant/2024.2/ip/pmi/pmi_ram_dq.v(45): analyzing included file c:/lscc/radiant/2024.2/ip/pmi/../common/ram_dq/rtl/lscc_ram_dq.v. VERI-1328
INFO <35901328> - c:/lscc/radiant/2024.2/ip/pmi/pmi_ice40up.v(13): analyzing included file c:/lscc/radiant/2024.2/ip/pmi/pmi_rom.v. VERI-1328
INFO <35901328> - c:/lscc/radiant/2024.2/ip/pmi/pmi_rom.v(45): analyzing included file c:/lscc/radiant/2024.2/ip/pmi/../common/rom/rtl/lscc_rom.v. VERI-1328
INFO <35901328> - c:/lscc/radiant/2024.2/ip/pmi/pmi_ice40up.v(14): analyzing included file c:/lscc/radiant/2024.2/ip/pmi/pmi_sub.v. VERI-1328
INFO <35901328> - c:/lscc/radiant/2024.2/ip/pmi/pmi_sub.v(50): analyzing included file c:/lscc/radiant/2024.2/ip/pmi/../common/subtractor/rtl/lscc_subtractor.v. VERI-1328
INFO <35901328> - c:/lscc/radiant/2024.2/ip/pmi/pmi_ice40up.v(15): analyzing included file c:/lscc/radiant/2024.2/ip/pmi/pmi_ram_dp_be.v. VERI-1328
INFO <35901328> - c:/lscc/radiant/2024.2/ip/pmi/pmi_ram_dp_be.v(49): analyzing included file c:/lscc/radiant/2024.2/ip/pmi/../common/ram_dp/rtl/lscc_ram_dp.v. VERI-1328
INFO <35901328> - c:/lscc/radiant/2024.2/ip/pmi/pmi_ice40up.v(16): analyzing included file c:/lscc/radiant/2024.2/ip/pmi/pmi_ram_dq_be.v. VERI-1328
INFO <35901328> - c:/lscc/radiant/2024.2/ip/pmi/pmi_ram_dq_be.v(45): analyzing included file c:/lscc/radiant/2024.2/ip/pmi/../common/ram_dq/rtl/lscc_ram_dq.v. VERI-1328
INFO <35901328> - c:/lscc/radiant/2024.2/ip/pmi/pmi_ice40up.v(17): analyzing included file c:/lscc/radiant/2024.2/ip/pmi/pmi_dsp.v. VERI-1328
Analyzing Verilog file c:/users/sojayaweera/e155/lab3_sj/source/impl_1/top.sv. VERI-1482
Analyzing Verilog file c:/users/sojayaweera/e155/lab3_sj/source/impl_1/sevenseglut.sv. VERI-1482
Analyzing Verilog file c:/users/sojayaweera/e155/lab3_sj/source/impl_1/keypad_handler.sv. VERI-1482
Analyzing VHDL file c:/lscc/radiant/2024.2/ip/pmi/pmi_ice40up.vhd. VHDL-1481
Analyzing VHDL file c:/lscc/radiant/2024.2/ip/pmi/pmi_ice40up.vhd

INFO <35921014> - c:/lscc/radiant/2024.2/ip/pmi/pmi_ice40up.vhd(4): analyzing package components. VHDL-1014
INFO <35921504> - The default VHDL library search path is now "C:/Users/sojayaweera/E155/lab3_sj/impl_1". VHDL-1504
Top module language type = Verilog.
Top module name (Verilog, mixed language): top
INFO <35901018> - c:/users/sojayaweera/e155/lab3_sj/source/impl_1/top.sv(6): compiling module top. VERI-1018
INFO <35901018> - C:/lscc/radiant/2024.2/ispfpga/../cae_library/synthesis/verilog/iCE40UP.v(756): compiling module HSOSC. VERI-1018
INFO <35901018> - c:/users/sojayaweera/e155/lab3_sj/source/impl_1/sevenseglut.sv(6): compiling module sevensegLUT. VERI-1018
INFO <35901018> - c:/users/sojayaweera/e155/lab3_sj/source/impl_1/keypad_handler.sv(9): compiling module keypad_handler. VERI-1018
WARNING <35901166> - c:/users/sojayaweera/e155/lab3_sj/source/impl_1/keypad_handler.sv(33): case condition never applies. VERI-1166
WARNING <35901166> - c:/users/sojayaweera/e155/lab3_sj/source/impl_1/keypad_handler.sv(34): case condition never applies. VERI-1166
WARNING <35901166> - c:/users/sojayaweera/e155/lab3_sj/source/impl_1/keypad_handler.sv(35): case condition never applies. VERI-1166
WARNING <35901166> - c:/users/sojayaweera/e155/lab3_sj/source/impl_1/keypad_handler.sv(36): case condition never applies. VERI-1166
WARNING <35901166> - c:/users/sojayaweera/e155/lab3_sj/source/impl_1/keypad_handler.sv(38): case condition never applies. VERI-1166
WARNING <35901166> - c:/users/sojayaweera/e155/lab3_sj/source/impl_1/keypad_handler.sv(39): case condition never applies. VERI-1166
WARNING <35901166> - c:/users/sojayaweera/e155/lab3_sj/source/impl_1/keypad_handler.sv(40): case condition never applies. VERI-1166
WARNING <35901166> - c:/users/sojayaweera/e155/lab3_sj/source/impl_1/keypad_handler.sv(41): case condition never applies. VERI-1166
WARNING <35901166> - c:/users/sojayaweera/e155/lab3_sj/source/impl_1/keypad_handler.sv(43): case condition never applies. VERI-1166
WARNING <35901166> - c:/users/sojayaweera/e155/lab3_sj/source/impl_1/keypad_handler.sv(44): case condition never applies. VERI-1166
WARNING <35901166> - c:/users/sojayaweera/e155/lab3_sj/source/impl_1/keypad_handler.sv(45): case condition never applies. VERI-1166
WARNING <35901166> - c:/users/sojayaweera/e155/lab3_sj/source/impl_1/keypad_handler.sv(46): case condition never applies. VERI-1166
WARNING <35901166> - c:/users/sojayaweera/e155/lab3_sj/source/impl_1/keypad_handler.sv(48): case condition never applies. VERI-1166
WARNING <35901166> - c:/users/sojayaweera/e155/lab3_sj/source/impl_1/keypad_handler.sv(49): case condition never applies. VERI-1166
WARNING <35901166> - c:/users/sojayaweera/e155/lab3_sj/source/impl_1/keypad_handler.sv(50): case condition never applies. VERI-1166
WARNING <35901166> - c:/users/sojayaweera/e155/lab3_sj/source/impl_1/keypad_handler.sv(51): case condition never applies. VERI-1166
[Parameter Setting Section Start]

	[Parameter Settings for Instance(s): hf_osc]
	(Module: HSOSC)
		CLKHF_DIV                 "0b00"

[Parameter Setting Section End]
CRITICAL <35002028> - I/O port's net has no driver and is unused: col[3]
CRITICAL <35002028> - I/O port's net has no driver and is unused: col[2]
CRITICAL <35002028> - I/O port's net has no driver and is unused: col[1]
CRITICAL <35002028> - I/O port's net has no driver and is unused: col[0]



CRITICAL <35001747> - Bit(s) of register driving i0[3:0] stuck at '0': 3, 2, 1, 0
CRITICAL <35001747> - Bit(s) of register driving i1[3:0] stuck at '0': 3, 2, 1, 0
CRITICAL <35001747> - Bit(s) of register driving iActive[3:0] stuck at '0': 3, 2, 1, 0
CRITICAL <35002028> - I/O port's net has no driver and is unused: col[3]
CRITICAL <35002028> - I/O port's net has no driver and is unused: col[2]
CRITICAL <35002028> - I/O port's net has no driver and is unused: col[1]
CRITICAL <35002028> - I/O port's net has no driver and is unused: col[0]

################### Begin Area Report (top)######################
Number of register bits => 19 of 5280 (0 % )
CCU2 => 10
FD1P3XZ => 19
HSOSC => 1
IB => 1
LUT4 => 5
OB => 13
################### End Area Report ##################
Number of odd-length carry chains : 0
Number of even-length carry chains : 1

################### Begin Clock Report ######################
Clock Nets
Number of Clocks: 1
  Net : int_osc, loads : 0
Clock Enable Nets
Number of Clock Enables: 0
Highest fanout non-clock nets
Top 10 highest fanout non-clock nets:
  Net : reset_c, loads : 19
  Net : n437, loads : 11
  Net : n133[18], loads : 11
  Net : n133[17], loads : 11
  Net : n435, loads : 10
  Net : n133[16], loads : 10
  Net : n133[15], loads : 10
  Net : n433, loads : 9
  Net : n133[14], loads : 9
  Net : n133[13], loads : 9
################### End Clock Report ##################

################### Begin Constraint Report ######################
Constraint Summary:
  Total number of constraints: 0
  Total number of constraints dropped: 0
###################  End Constraint Report  ######################

Peak Memory Usage: 93 MB

--------------------------------------------------------------
Total CPU Time: 5 secs 
Total REAL Time: 12 secs 
--------------------------------------------------------------
Checksum -- synthesis -- netlist: fd2d45a7e42e98efcc202c3242c35f0e58a1dab8



postsyn -a iCE40UP -p iCE40UP5K -t SG48 -sp High-Performance_1.2V -oc Industrial -top -w -o lab3_sj_impl_1_syn.udb lab3_sj_impl_1.vm
POSTSYN: Post Synthesis Process Radiant Software (64-bit) 2024.2.0.3.0
Command Line: postsyn -a iCE40UP -p iCE40UP5K -t SG48 -sp High-Performance_1.2V -oc Industrial -top -w -o lab3_sj_impl_1_syn.udb -gui -msgset C:/Users/sojayaweera/E155/lab3_sj/promote.xml lab3_sj_impl_1.vm 
   Architecture:     iCE40UP
   Device:           iCE40UP5K
   Package:          SG48
   Performance:      High-Performance_1.2V
Reading input file 'lab3_sj_impl_1.vm' ...
CPU Time to convert: 0.0625
REAL Time to convert: 0
convert PEAK Memory Usage: 33 MB
convert CURRENT Memory Usage: 33 MB
Removing unused logic ...
Starting design annotation....
 
Constraint Summary:
   Total number of constraints: 1
   Total number of constraints dropped: 0
 
Writing output file 'lab3_sj_impl_1_syn.udb'.
POSTSYN finished successfully.
Total CPU Time: 0 secs 
Total REAL Time: 0 secs 
Peak Memory Usage: 42 MB
Checksum -- postsyn: 65930593f8b1ca8b5f5e529e672a80a69b391352



pnmainc -log pnmain "lab3_sj_impl_1_map.tcl"
map:  version Radiant Software (64-bit) 2024.2.0.3.0

Copyright (c) 1991-1994 by NeoCAD Inc. All rights reserved.
Copyright (c) 1995 AT&T Corp.   All rights reserved.
Copyright (c) 1995-2001 Lucent Technologies Inc.  All rights reserved.
Copyright (c) 2001 Agere Systems   All rights reserved.
Copyright (c) 2002-2024 Lattice Semiconductor Corporation,  All rights reserved.

Command line:   map -pdc C:/Users/sojayaweera/E155/lab3_sj/pins.pdc -i lab3_sj_impl_1_syn.udb -o lab3_sj_impl_1_map.udb -mp lab3_sj_impl_1.mrp -hierrpt -gui -msgset C:/Users/sojayaweera/E155/lab3_sj/promote.xml 

Loading device for application GENERIC from file 'itpa08.nph' in environment: C:/lscc/radiant/2024.2/ispfpga.
Package Status:                     Preliminary    Version 1.5.



Design:  top
Family:  iCE40UP
Device:  iCE40UP5K
Package: SG48
Performance Grade:  High-Performance_1.2V

WARNING <1026001> - C:/Users/sojayaweera/E155/lab3_sj/pins.pdc (1) : No port matched &apos;s[3]&apos;.
WARNING <1026001> - C:/Users/sojayaweera/E155/lab3_sj/pins.pdc (2) : No port matched &apos;s[2]&apos;.
WARNING <1026001> - C:/Users/sojayaweera/E155/lab3_sj/pins.pdc (3) : No port matched &apos;s[1]&apos;.
WARNING <1026001> - C:/Users/sojayaweera/E155/lab3_sj/pins.pdc (4) : No port matched &apos;s[0]&apos;.
WARNING <1026001> - C:/Users/sojayaweera/E155/lab3_sj/pins.pdc (5) : No port matched &apos;seg[0]&apos;.
WARNING <1026001> - C:/Users/sojayaweera/E155/lab3_sj/pins.pdc (6) : No port matched &apos;seg[1]&apos;.
WARNING <1026001> - C:/Users/sojayaweera/E155/lab3_sj/pins.pdc (7) : No port matched &apos;seg[2]&apos;.
WARNING <1026001> - C:/Users/sojayaweera/E155/lab3_sj/pins.pdc (8) : No port matched &apos;seg[3]&apos;.
WARNING <1026001> - C:/Users/sojayaweera/E155/lab3_sj/pins.pdc (9) : No port matched &apos;seg[4]&apos;.
WARNING <1026001> - C:/Users/sojayaweera/E155/lab3_sj/pins.pdc (10) : No port matched &apos;seg[5]&apos;.
WARNING <1026001> - C:/Users/sojayaweera/E155/lab3_sj/pins.pdc (11) : No port matched &apos;seg[6]&apos;.
WARNING <1027013> - No port matched 's[3]'.
WARNING <1026001> - C:/Users/sojayaweera/E155/lab3_sj/pins.pdc (1) : Can&apos;t resolve object &apos;s[3]&apos; in constraint &apos;ldc_set_location -site {32} [get_ports {s[3]}]&apos;.
WARNING <1027013> - No port matched 's[2]'.
WARNING <1026001> - C:/Users/sojayaweera/E155/lab3_sj/pins.pdc (2) : Can&apos;t resolve object &apos;s[2]&apos; in constraint &apos;ldc_set_location -site {35} [get_ports {s[2]}]&apos;.
WARNING <1027013> - No port matched 's[1]'.
WARNING <1026001> - C:/Users/sojayaweera/E155/lab3_sj/pins.pdc (3) : Can&apos;t resolve object &apos;s[1]&apos; in constraint &apos;ldc_set_location -site {31} [get_ports {s[1]}]&apos;.
WARNING <1027013> - No port matched 's[0]'.
WARNING <1026001> - C:/Users/sojayaweera/E155/lab3_sj/pins.pdc (4) : Can&apos;t resolve object &apos;s[0]&apos; in constraint &apos;ldc_set_location -site {37} [get_ports {s[0]}]&apos;.
WARNING <1027013> - No port matched 'seg[0]'.
WARNING <1026001> - C:/Users/sojayaweera/E155/lab3_sj/pins.pdc (5) : Can&apos;t resolve object &apos;seg[0]&apos; in constraint &apos;ldc_set_location -site {13} [get_ports {seg[0]}]&apos;.
WARNING <1027013> - No port matched 'seg[1]'.
WARNING <1026001> - C:/Users/sojayaweera/E155/lab3_sj/pins.pdc (6) : Can&apos;t resolve object &apos;seg[1]&apos; in constraint &apos;ldc_set_location -site {18} [get_ports {seg[1]}]&apos;.
WARNING <1027013> - No port matched 'seg[2]'.
WARNING <1026001> - C:/Users/sojayaweera/E155/lab3_sj/pins.pdc (7) : Can&apos;t resolve object &apos;seg[2]&apos; in constraint &apos;ldc_set_location -site {19} [get_ports {seg[2]}]&apos;.
WARNING <1027013> - No port matched 'seg[3]'.
WARNING <1026001> - C:/Users/sojayaweera/E155/lab3_sj/pins.pdc (8) : Can&apos;t resolve object &apos;seg[3]&apos; in constraint &apos;ldc_set_location -site {12} [get_ports {seg[3]}]&apos;.
WARNING <1027013> - No port matched 'seg[4]'.
WARNING <1026001> - C:/Users/sojayaweera/E155/lab3_sj/pins.pdc (9) : Can&apos;t resolve object &apos;seg[4]&apos; in constraint &apos;ldc_set_location -site {6} [get_ports {seg[4]}]&apos;.
WARNING <1027013> - No port matched 'seg[5]'.
WARNING <1026001> - C:/Users/sojayaweera/E155/lab3_sj/pins.pdc (10) : Can&apos;t resolve object &apos;seg[5]&apos; in constraint &apos;ldc_set_location -site {44} [get_ports {seg[5]}]&apos;.
WARNING <1027013> - No port matched 'seg[6]'.
WARNING <1026001> - C:/Users/sojayaweera/E155/lab3_sj/pins.pdc (11) : Can&apos;t resolve object &apos;seg[6]&apos; in constraint &apos;ldc_set_location -site {9} [get_ports {seg[6]}]&apos;.
WARNING <1011001> - Remove invalid constraint 'ldc_set_location -site {32} [get_ports {s[3]}]'.
WARNING <1011001> - Remove invalid constraint 'ldc_set_location -site {35} [get_ports {s[2]}]'.
WARNING <1011001> - Remove invalid constraint 'ldc_set_location -site {31} [get_ports {s[1]}]'.
WARNING <1011001> - Remove invalid constraint 'ldc_set_location -site {37} [get_ports {s[0]}]'.
WARNING <1011001> - Remove invalid constraint 'ldc_set_location -site {13} [get_ports {seg[0]}]'.
WARNING <1011001> - Remove invalid constraint 'ldc_set_location -site {18} [get_ports {seg[1]}]'.
WARNING <1011001> - Remove invalid constraint 'ldc_set_location -site {19} [get_ports {seg[2]}]'.
WARNING <1011001> - Remove invalid constraint 'ldc_set_location -site {12} [get_ports {seg[3]}]'.
WARNING <1011001> - Remove invalid constraint 'ldc_set_location -site {6} [get_ports {seg[4]}]'.
WARNING <1011001> - Remove invalid constraint 'ldc_set_location -site {44} [get_ports {seg[5]}]'.
WARNING <1011001> - Remove invalid constraint 'ldc_set_location -site {9} [get_ports {seg[6]}]'.
Running general design DRC...

WARNING <71003020> - Top module port 'col[3]' does not connect to anything.
WARNING <71003020> - Top module port 'col[2]' does not connect to anything.
WARNING <71003020> - Top module port 'col[1]' does not connect to anything.
WARNING <71003020> - Top module port 'col[0]' does not connect to anything.



Design Summary:
   Number of slice registers:  19 out of  5280 (<1%)
   Number of I/O registers:      0 out of   117 (0%)
   Number of LUT4s:            27 out of  5280 (1%)
      Number of logic LUT4s:               7
      Number of ripple logic:             10 (20 LUT4s)
   Number of IO sites used:   14 out of 39 (36%)
      Number of IO sites used for general PIO: 14
      Number of IO sites used for I3C: 0 out of 2 (0%)
      (note: If I3C is not used, its site can be used as general PIO)
      Number of IO sites used for PIO+I3C: 14 out of 36 (39%)
      Number of IO sites used for OD+RGB IO buffers: 0 out of 3 (0%)
      (note: If RGB LED drivers are not used, sites can be used as OD outputs,
       see TN1288 iCE40 LED Driver Usage Guide)
      Number of IO sites used for PIO+I3C+OD+RGB: 14 out of 39 (36%)
   Number of DSPs:             0 out of 8 (0%)
   Number of I2Cs:             0 out of 2 (0%)
   Number of High Speed OSCs:  1 out of 1 (100%)
   Number of Low Speed OSCs:   0 out of 1 (0%)
   Number of RGB PWM:          0 out of 1 (0%)
   Number of RGB Drivers:      0 out of 1 (0%)
   Number of SCL FILTERs:      0 out of 2 (0%)
   Number of SRAMs:            0 out of 4 (0%)
   Number of WARMBOOTs:        0 out of 1 (0%)
   Number of SPIs:             0 out of 2 (0%)
   Number of EBRs:             0 out of 30 (0%)
   Number of PLLs:             0 out of 1 (0%)
   Number of Clocks:  1
      Net int_osc: 10 loads, 10 rising, 0 falling (Driver: Pin hf_osc.osc_inst/CLKHF)
   Number of Clock Enables:  1
      Net VCC_net: 1 loads, 0 SLICEs
   Number of LSRs:  1
      Pin reset: 10 loads, 10 SLICEs (Net: reset_c)
   Top 10 highest fanout non-clock nets:
      Net reset_c: 10 loads
      Net sel_c_18: 7 loads
      Net counter[17]: 5 loads
      Net VCC_net: 4 loads
      Net n421: 2 loads
      Net n435: 2 loads
      Net n437: 2 loads
      Net n719: 2 loads
      Net n743: 2 loads
      Net n746: 2 loads
Running physical design DRC...

WARNING <71003020> - Top module port 'col[3]' does not connect to anything.
WARNING <71003020> - Top module port 'col[2]' does not connect to anything.
WARNING <71003020> - Top module port 'col[1]' does not connect to anything.
WARNING <71003020> - Top module port 'col[0]' does not connect to anything.
 


   Number of warnings:  52
   Number of criticals: 0
   Number of errors:    0

Constraint Summary:
   Total number of constraints: 12
   Total number of constraints dropped: 11
   Dropped constraints are:
     ldc_set_location -site {32} [get_ports {s[3]}]
     ldc_set_location -site {35} [get_ports {s[2]}]
     ldc_set_location -site {31} [get_ports {s[1]}]
     ldc_set_location -site {37} [get_ports {s[0]}]
     ldc_set_location -site {13} [get_ports {seg[0]}]
     ldc_set_location -site {18} [get_ports {seg[1]}]
     ldc_set_location -site {19} [get_ports {seg[2]}]
     ldc_set_location -site {12} [get_ports {seg[3]}]
     ldc_set_location -site {6} [get_ports {seg[4]}]
     ldc_set_location -site {44} [get_ports {seg[5]}]
     ldc_set_location -site {9} [get_ports {seg[6]}]


Total CPU Time: 0 secs  
Total REAL Time: 0 secs  
Peak Memory Usage: 66 MB

Checksum -- map: 32cb8eabb484255383365ed31fc9471e51a6c433
Thank you for using Radiant. Total CPU/Elapsed time: 0 secs /0 secs 

pnmainc -log pnmain "lab3_sj_impl_1_par.tcl"

PAR: Place And Route Radiant Software (64-bit) 2024.2.0.3.0.
PARed on: Wed Sep 10 23:24:41 2025

Command Line: par -w -t 1 -cores 1 -hsp m -exp parPathBased=ON \
	lab3_sj_impl_1_map.udb lab3_sj_impl_1_par.dir/5_1.udb 

Loading lab3_sj_impl_1_map.udb ...
Loading device for application GENERIC from file 'itpa08.nph' in environment: C:/lscc/radiant/2024.2/ispfpga.
Package Status:                     Preliminary    Version 1.5.
Performance Hardware Data Status:   Advanced       Version 1.0.



Design:  top
Family:  iCE40UP
Device:  iCE40UP5K
Package: SG48
Performance Grade:   High-Performance_1.2V

Constraint Summary
   Total number of constraints: 1
   Total number of constraints dropped: 0

WARNING <71003020> - Top module port 'col[3]' does not connect to anything.
WARNING <71003020> - Top module port 'col[2]' does not connect to anything.
WARNING <71003020> - Top module port 'col[1]' does not connect to anything.
WARNING <71003020> - Top module port 'col[0]' does not connect to anything.
WARNING <71003020> - Top module port 'col[3]' does not connect to anything.
WARNING <71003020> - Top module port 'col[2]' does not connect to anything.
WARNING <71003020> - Top module port 'col[1]' does not connect to anything.
WARNING <71003020> - Top module port 'col[0]' does not connect to anything.
WARNING <71003020> - Top module port 'col[3]' does not connect to anything.
WARNING <71003020> - Top module port 'col[2]' does not connect to anything.
WARNING <71003020> - Top module port 'col[1]' does not connect to anything.
WARNING <71003020> - Top module port 'col[0]' does not connect to anything.
WARNING <71003020> - Top module port 'col[3]' does not connect to anything.
WARNING <71003020> - Top module port 'col[2]' does not connect to anything.
WARNING <71003020> - Top module port 'col[1]' does not connect to anything.
WARNING <71003020> - Top module port 'col[0]' does not connect to anything.
Number of Signals: 66
Number of Connections: 121
Device utilization summary:

   SLICE (est.)      15/2640          1% used
     LUT             27/5280          1% used
     REG             19/5280         <1% used
   PIO               14/56           25% used
                     14/36           38% bonded
   IOLOGIC            0/56            0% used
   DSP                0/8             0% used
   I2C                0/2             0% used
   HFOSC              1/1           100% used
   LFOSC              0/1             0% used
   LEDDA_IP           0/1             0% used
   RGBA_DRV           0/1             0% used
   FILTER             0/2             0% used
   SRAM               0/4             0% used
   WARMBOOT           0/1             0% used
   SPI                0/2             0% used
   EBR                0/30            0% used
   PLL                0/1             0% used
   RGBOUTBUF          0/3             0% used
   I3C                0/2             0% used
   OPENDRAIN          0/3             0% used

Pin Constraint Summary:
   0 out of 14 pins locked (0% locked).
.
............
Finished Placer Phase 0 (HIER). CPU time: 0 secs , REAL time: 0 secs 


................
Finished Placer Phase 0 (AP).  CPU time: 0 secs , REAL time: 0 secs 

Starting Placer Phase 1. CPU time: 0 secs , REAL time: 0 secs 
..  ..
....................

Placer score = 2531.

Device SLICE utilization summary after final SLICE packing:
   SLICE             15/2640         <1% used

Finished Placer Phase 1. CPU time: 4 secs , REAL time: 4 secs 

Starting Placer Phase 2.
.

Placer score =  2530
Finished Placer Phase 2.  CPU time: 4 secs , REAL time: 4 secs 


------------------ Clock Report ------------------

Global Clocks :
  PRIMARY "int_osc" from comp "hf_osc.osc_inst" on site "HFOSC_R1C32", clk load = 10, ce load = 0, sr load = 0

  PRIMARY  : 1 out of 8 (12%)

--------------- End of Clock Report ---------------


I/O Usage Summary (final):
   14 out of 56 (25.0%) I/O sites used.
   14 out of 36 (38.9%) bonded I/O sites used.
   Number of I/O components: 14; differential: 0
   Number of Vref pins used: 0

I/O Bank Usage Summary:
+----------+---------------+------------+------------+------------+
| I/O Bank | Usage         | Bank Vccio | Bank Vref1 | Bank Vref2 |
+----------+---------------+------------+------------+------------+
| 0        | 8 / 14 ( 57%) | 3.3V       |            |            |
| 1        | 6 / 14 ( 42%) | 3.3V       |            |            |
| 2        | 0 / 8 (  0%)  | OFF        |            |            |
+----------+---------------+------------+------------+------------+

Total Placer CPU time: 4 secs , REAL time: 4 secs 


Checksum -- place: 9629f2f3d8532e01726bdf9a5706642d3a713453
Writing design to file lab3_sj_impl_1_par.dir/5_1.udb ...


Start NBR router at 23:24:45 09/10/25

*****************************************************************
Info: NBR allows conflicts(one node used by more than one signal)
      in the earlier iterations. In each iteration, it tries to  
      solve the conflicts while keeping the critical connections 
      routed as short as possible. The routing process is said to
      be completed when no conflicts exist and all connections   
      are routed.                                                
Note: NBR uses a different method to calculate timing slacks. The
      worst slack and total negative slack may not be the same as
      that in timing report. You should always run the timing    
      tool to verify your design.                                
*****************************************************************

Starting routing resource preassignment
Preassignment Summary:
--------------------------------------------------------------------------------
1 global clock signals routed
48 connections routed (of 121 total) (39.67%)
---------------------------------------------------------
Clock routing summary:
Primary clocks (1 used out of 8 available):
#4  Signal "int_osc"
       Clock   loads: 10    out of    10 routed (100.00%)
---------------------------------------------------------
--------------------------------------------------------------------------------
Completed routing resource preassignment
    TimerIf::skewscore 0

Start NBR section for initial routing at 23:24:45 09/10/25
Level 4, iteration 1
+++++++++++++++++++++++++++++++++++++++++++++++++++++++++++++++++++
Routing in Serial Mode ......
+++++++++++++++++++++++++++++++++++++++++++++++++++++++++++++++++++
0(0.00%) conflict; 0(0.00%) untouched conn; 0 (nbr) score; 
Estimated worst slack/total negative slack<setup>: 9.926ns/0.000ns; real time: 0 secs 

Info: Initial congestion level at 75.00% usage is 0
Info: Initial congestion area  at 75.00% usage is 0 (0.00%)

Start NBR section for normal routing at 23:24:46 09/10/25
Level 4, iteration 1
0(0.00%) conflict; 0(0.00%) untouched conn; 0 (nbr) score; 
Estimated worst slack/total negative slack<setup>: 9.926ns/0.000ns; real time: 0 secs 

Start NBR section for setup/hold timing optimization with effort level 3 at 23:24:46 09/10/25
Changing speed to m;   changing temperature to -40
Changing speed to 6;   changing temperature to 100

Start NBR section for post-routing at 23:24:46 09/10/25

End NBR router with 0 unrouted connection(s)
Changing speed to m;   changing temperature to -40
Changing speed to 6;   changing temperature to 100

Checksum -- route: dbc818049cf045c55b342a6fc57816296825c45

Total CPU time 0 secs 
Total REAL time: 0 secs 
Completely routed.
End of route.  121 routed (100.00%); 0 unrouted.

Writing design to file lab3_sj_impl_1_par.dir/5_1.udb ...


PAR_SUMMARY::Run status = Completed
PAR_SUMMARY::Number of unrouted conns = 0
PAR_SUMMARY::Estimated worst slack<setup/<ns>> = 9.926
PAR_SUMMARY::Timing score<setup/<ns>> = 0.000
PAR_SUMMARY::Estimated worst slack<hold/<ns>> = 1.913
PAR_SUMMARY::Timing score<hold/<ns>> = 0.000
PAR_SUMMARY::Number of errors = 0

Note: user must run 'timing' for timing closure signoff.

Total CPU  Time: 4 secs 
Total REAL Time: 5 secs 
Peak Memory Usage: 126.16 MB


par done!

Copyright (c) 1991-1994 by NeoCAD Inc. All rights reserved.
Copyright (c) 1995 AT&T Corp.   All rights reserved.
Copyright (c) 1995-2001 Lucent Technologies Inc.  All rights reserved.
Copyright (c) 2001 Agere Systems   All rights reserved.
Copyright (c) 2002-2024 Lattice Semiconductor Corporation,  All rights reserved.
Thank you for using Radiant. Total CPU/Elapsed time: 0 secs /5 secs 

timing -sethld -v 10 -u 10 -endpoints 10 -nperend 1 -sp High-Performance_1.2V -hsp m   -pwrprd -html -rpt "lab3_sj_impl_1.twr" "lab3_sj_impl_1.udb" 
timing -sethld -v 10 -u 10 -endpoints 10 -nperend 1 -sp High-Performance_1.2V -hsp m -pwrprd -html -rpt lab3_sj_impl_1.twr lab3_sj_impl_1.udb -gui -msgset C:/Users/sojayaweera/E155/lab3_sj/promote.xml
Starting design reading...
Loading device for application GENERIC from file 'itpa08.nph' in environment: C:/lscc/radiant/2024.2/ispfpga.
Package Status:                     Preliminary    Version 1.5.
Performance Hardware Data Status:   Advanced       Version 1.0.
Loading udb::Database ...
Design:  top
Family:  iCE40UP
Device:  iCE40UP5K
Package: SG48
Performance Grade:   High-Performance_1.2V



Successfully loading udb, 0.03 seconds

Initializing timer
Starting design annotation....
High-Performance_1.2V

Starting full timing analysis...
Performance Hardware Data Status:   Advanced       Version 1.0.
Connections ignored  10  counted  104  covered  73
Changing speed to m;   changing temperature to -40

STA Runtime and Peak Memory Usage :
Total CPU Time: 0 secs 
Total REAL Time: 0 secs 
Peak Memory Usage: 102 MB

 0.578609s wall, 0.468750s user + 0.062500s system = 0.531250s CPU (91.8%)


tmcheck -par "lab3_sj_impl_1.par"  

pnmainc -log pnmain "lab3_sj_impl_1_bit.tcl"
Loading lab3_sj_impl_1.udb ...
Loading device for application GENERIC from file 'itpa08.nph' in environment: C:/lscc/radiant/2024.2/ispfpga.
Package Status:                     Preliminary    Version 1.5.
Performance Hardware Data Status:   Advanced       Version 1.0.



Design:  top
Family:  iCE40UP
Device:  iCE40UP5K
Package: SG48
Performance Grade:   High-Performance_1.2V

Constraint Summary
   Total number of constraints: 1
   Total number of constraints dropped: 0

Successfully loading design udb and device data from disks and to up-layer in CPU time: 0 secs , REAL time: 0 secs 



BITGEN: Bitstream Generator Radiant Software (64-bit) 2024.2.0.3.0
Copyright (c) 1991-1994 by NeoCAD Inc. All rights reserved.
Copyright (c) 1995 AT&T Corp.   All rights reserved.
Copyright (c) 1995-2001 Lucent Technologies Inc.  All rights reserved.
Copyright (c) 2001 Agere Systems   All rights reserved.
Copyright (c) 2002-2024 Lattice Semiconductor Corporation,  All rights reserved.


Running DRC.
DRC detected 0 errors and 0 warnings.

Preference Summary:
+---------------------------------+---------------------------------+
|  Preference                     |  Current Setting                |
+---------------------------------+---------------------------------+
 *  Default setting.
 ** The specified setting matches the default setting.


Creating bit map...
Saving bit stream in "C:/Users/sojayaweera/E155/lab3_sj/impl_1/lab3_sj_impl_1.bin".
INFO <1081100> - Bitstream authenticated.
Bitstream generation complete!

Total CPU Time: 0 secs 
Total REAL Time: 6 secs 
Peak Memory Usage: 117 MB

Thank you for using Radiant. Total CPU/Elapsed time: 0 secs /6 secs 
