
                         Lattice Mapping Report File

Design:  top
Family:  iCE40UP
Device:  iCE40UP5K
Package: SG48
Performance Grade:  High-Performance_1.2V

Mapper:    version Radiant Software (64-bit) 2024.2.0.3.0
Mapped on: Sat Sep 13 22:08:14 2025

Design Information
------------------

Command line:   map -pdc C:/Users/sojayaweera/E155/lab3_sj/pins.pdc -i
     lab3_sj_impl_1_syn.udb -o lab3_sj_impl_1_map.udb -mp lab3_sj_impl_1.mrp
     -hierrpt -gui -msgset C:/Users/sojayaweera/E155/lab3_sj/promote.xml

Design Summary
--------------

   Number of slice registers:  77 out of  5280 (1%)
   Number of I/O registers:      4 out of   117 (3%)
   Number of LUT4s:           191 out of  5280 (4%)
      Number of logic LUT4s:              89
      Number of inserted feedthru LUT4s:  36
      Number of ripple logic:             33 (66 LUT4s)
   Number of IO sites used:   18 out of 39 (46%)
      Number of IO sites used for general PIO: 18
      Number of IO sites used for I3C: 0 out of 2 (0%)
      (note: If I3C is not used, its site can be used as general PIO)
      Number of IO sites used for PIO+I3C: 18 out of 36 (50%)
      Number of IO sites used for OD+RGB IO buffers: 0 out of 3 (0%)
      (note: If RGB LED drivers are not used, sites can be used as OD outputs,
       see TN1288 iCE40 LED Driver Usage Guide)
      Number of IO sites used for PIO+I3C+OD+RGB: 18 out of 39 (46%)
   Number of DSPs:             0 out of 8 (0%)
   Number of I2Cs:             0 out of 2 (0%)
   Number of High Speed OSCs:  1 out of 1 (100%)
   Number of Low Speed OSCs:   0 out of 1 (0%)
   Number of RGB PWM:          0 out of 1 (0%)
   Number of RGB Drivers:      0 out of 1 (0%)
   Number of SCL FILTERs:      0 out of 2 (0%)
   Number of SRAMs:            0 out of 4 (0%)
   Number of WARMBOOTs:        0 out of 1 (0%)
   Number of SPIs:             0 out of 2 (0%)
   Number of EBRs:             0 out of 30 (0%)
   Number of PLLs:             0 out of 1 (0%)
   Number of Clocks:  1
      Net int_osc: 66 loads, 66 rising, 0 falling (Driver: Pin
     clocker.hf_osc.osc_inst/CLKHF)
   Number of Clock Enables:  4
      Net VCC_net: 1 loads, 0 SLICEs
      Net n617: 8 loads, 8 SLICEs
      Net n602: 1 loads, 1 SLICEs
      Net n301: 32 loads, 32 SLICEs
   Number of LSRs:  1
      Pin reset: 30 loads, 30 SLICEs (Net: reset_c)
   Top 10 highest fanout non-clock nets:
      Net reset_c: 33 loads
      Net n301: 32 loads

                                    Page 1





Design Summary (cont)
---------------------
      Net counter[15]: 13 loads
      Net counter[16]: 13 loads
      Net col[0]: 11 loads
      Net col[3]: 10 loads
      Net col[1]: 9 loads
      Net col[2]: 9 loads
      Net n617: 8 loads
      Net sel_c_18: 8 loads





   Number of warnings:  16
   Number of criticals: 0
   Number of errors:    0

Design Errors/Criticals/Warnings
--------------------------------

WARNING <1026001> - map: C:/Users/sojayaweera/E155/lab3_sj/pins.pdc (1) : No
     port matched 's[3]'.
WARNING <1026001> - map: C:/Users/sojayaweera/E155/lab3_sj/pins.pdc (2) : No
     port matched 's[2]'.
WARNING <1026001> - map: C:/Users/sojayaweera/E155/lab3_sj/pins.pdc (3) : No
     port matched 's[1]'.
WARNING <1026001> - map: C:/Users/sojayaweera/E155/lab3_sj/pins.pdc (4) : No
     port matched 's[0]'.
WARNING <1027013> - map: No port matched 's[3]'.
WARNING <1026001> - map: C:/Users/sojayaweera/E155/lab3_sj/pins.pdc (1) : Can't
     resolve object 's[3]' in constraint 'ldc_set_location -site {32} [get_ports
     {s[3]}]'.
WARNING <1027013> - map: No port matched 's[2]'.
WARNING <1026001> - map: C:/Users/sojayaweera/E155/lab3_sj/pins.pdc (2) : Can't
     resolve object 's[2]' in constraint 'ldc_set_location -site {35} [get_ports
     {s[2]}]'.
WARNING <1027013> - map: No port matched 's[1]'.
WARNING <1026001> - map: C:/Users/sojayaweera/E155/lab3_sj/pins.pdc (3) : Can't
     resolve object 's[1]' in constraint 'ldc_set_location -site {31} [get_ports
     {s[1]}]'.
WARNING <1027013> - map: No port matched 's[0]'.
WARNING <1026001> - map: C:/Users/sojayaweera/E155/lab3_sj/pins.pdc (4) : Can't
     resolve object 's[0]' in constraint 'ldc_set_location -site {37} [get_ports
     {s[0]}]'.
WARNING <1011001> - map: Remove invalid constraint 'ldc_set_location -site {32}
     [get_ports {s[3]}]'.
WARNING <1011001> - map: Remove invalid constraint 'ldc_set_location -site {35}
     [get_ports {s[2]}]'.
WARNING <1011001> - map: Remove invalid constraint 'ldc_set_location -site {31}
     [get_ports {s[1]}]'.
WARNING <1011001> - map: Remove invalid constraint 'ldc_set_location -site {37}
     [get_ports {s[0]}]'.

IO (PIO) Attributes
-------------------

+---------------------+-----------+-----------+-------+-------+-----------+
| IO Name             | Direction | Levelmode |  IO   |  IO   | Special   |

                                    Page 2





IO (PIO) Attributes (cont)
--------------------------
|                     |           |  IO_TYPE  |  REG  |  DDR  | IO Buffer |
+---------------------+-----------+-----------+-------+-------+-----------+
| colunstable[0]      | INPUT     |           | I     |       |           |
+---------------------+-----------+-----------+-------+-------+-----------+
| colunstable[1]      | INPUT     |           | I     |       |           |
+---------------------+-----------+-----------+-------+-------+-----------+
| colunstable[2]      | INPUT     |           | I     |       |           |
+---------------------+-----------+-----------+-------+-------+-----------+
| colunstable[3]      | INPUT     |           | I     |       |           |
+---------------------+-----------+-----------+-------+-------+-----------+
| reset               | INPUT     |           |       |       |           |
+---------------------+-----------+-----------+-------+-------+-----------+
| segout[0]           | OUTPUT    |           |       |       |           |
+---------------------+-----------+-----------+-------+-------+-----------+
| segout[1]           | OUTPUT    |           |       |       |           |
+---------------------+-----------+-----------+-------+-------+-----------+
| segout[2]           | OUTPUT    |           |       |       |           |
+---------------------+-----------+-----------+-------+-------+-----------+
| segout[3]           | OUTPUT    |           |       |       |           |
+---------------------+-----------+-----------+-------+-------+-----------+
| segout[4]           | OUTPUT    |           |       |       |           |
+---------------------+-----------+-----------+-------+-------+-----------+
| segout[5]           | OUTPUT    |           |       |       |           |
+---------------------+-----------+-----------+-------+-------+-----------+
| segout[6]           | OUTPUT    |           |       |       |           |
+---------------------+-----------+-----------+-------+-------+-----------+
| nsel                | OUTPUT    |           |       |       |           |
+---------------------+-----------+-----------+-------+-------+-----------+
| row[0]              | OUTPUT    |           |       |       |           |
+---------------------+-----------+-----------+-------+-------+-----------+
| row[1]              | OUTPUT    |           |       |       |           |
+---------------------+-----------+-----------+-------+-------+-----------+
| row[2]              | OUTPUT    |           |       |       |           |
+---------------------+-----------+-----------+-------+-------+-----------+
| row[3]              | OUTPUT    |           |       |       |           |
+---------------------+-----------+-----------+-------+-------+-----------+
| sel                 | OUTPUT    |           |       |       |           |
+---------------------+-----------+-----------+-------+-------+-----------+

Removed logic
-------------

Block i1_2 was optimized away.

OSC Summary
-----------

OSC 1:                                 Pin/Node Value
  OSC Instance Name:                            clocker/hf_osc.osc_inst
  Power UP:                            NODE     VCC_net
  Enable Signal:                       NODE     VCC_net
  OSC Output:                          NODE     int_osc
  DIV Setting:                                  01





                                    Page 3





ASIC Components
---------------

Instance Name: clocker/hf_osc.osc_inst
         Type: HFOSC
Instance Name: colsyncer/stableval_i1
         Type: IOLOGIC
Instance Name: colsyncer/stableval_i0
         Type: IOLOGIC
Instance Name: colsyncer/stableval_i3
         Type: IOLOGIC
Instance Name: colsyncer/stableval_i2
         Type: IOLOGIC

Constraint Summary
------------------

   Total number of constraints: 23
   Total number of constraints dropped: 4
   Dropped constraints are:
     ldc_set_location -site {32} [get_ports {s[3]}]
     ldc_set_location -site {35} [get_ports {s[2]}]
     ldc_set_location -site {31} [get_ports {s[1]}]
     ldc_set_location -site {37} [get_ports {s[0]}]

Run Time and Memory Usage
-------------------------

   Total CPU Time: 0 secs
   Total REAL Time: 0 secs
   Peak Memory Usage: 69 MB
Checksum -- map: 9878b41134544bfd3bfb38cf179390feb9095cc6




























                                    Page 4


Copyright (c) 1991-1994 by NeoCAD Inc. All rights reserved.
Copyright (c) 1995
     AT&T Corp.   All rights reserved.
Copyright (c) 1995-2001 Lucent
     Technologies Inc.  All rights reserved.
Copyright (c) 2001 Agere Systems
     All rights reserved.
Copyright (c) 2002-2024 Lattice Semiconductor
     Corporation,  All rights reserved.
