# *** Summary *********************************************
#     qrun: Errors:   0, Warnings:   0
#     vlog: Errors:   0, Warnings:   0
#     vopt: Errors:   0, Warnings:   2
#   Totals: Errors:   0, Warnings:   2
# vsim -L work -L pmi_work -L ovi_ice40up -lib qrun.out/work -wlf vsim.wlf -gui -do "view wave" -do "add wave /*" -do "run 100 ns" -statslog qrun.out/stats_log qrun_opt -suppress vsim-7033,vsim-8630,3009,3389 -appendlog -l qrun.log 
# Start time: 20:46:18 on Sep 13,2025
# Loading sv_std.std
# Loading work.top(fast)
# Loading ovi_ice40up.HSOSC(fast)
# Loading work.sevensegLUT(fast)
# Loading work.keypad_handler(fast)
# view wave
# .main_pane.wave.interior.cs.body.pw.wf
# add wave /*
# run 100 ns
force reset 1'b1
for col 4'b0000
# wrong # args: should be "for start test next command"
force col 4'b0000
run 10
run 100
run 1000000
force reset 0
run 100
force col 0001
run 100
run 100
run 100
run 100
run 100
run 100
run 100
run 100
run 100
run 100
run 100
run 100
run 100
run 100
run 100
run 100
run 100
run 1000
run 1000
run 1000
run 1000
run 1000
run 1000
run 1000
run 1000
run 1000
run 1000
run 1000
run 1000
run 1000
run 1000
run 1000
run 1000
run 1000
run 1000
run 1000
run 1000
